2026-05-10T08:18:42.837Z vite:config config file loaded in 32.69ms
2026-05-10T08:18:42.839Z vite:env loading env files: [
  'D:/lingjing/lingjing/packages/renderer/.env',
  'D:/lingjing/lingjing/packages/renderer/.env.local',
  'D:/lingjing/lingjing/packages/renderer/.env.production',
  'D:/lingjing/lingjing/packages/renderer/.env.production.local'
]
2026-05-10T08:18:42.839Z vite:env env files loaded in 0.31ms
2026-05-10T08:18:42.839Z vite:env using resolved env: {}
2026-05-10T08:18:42.854Z vite:config using resolved config: {
  plugins: [
    'vite:build-metadata',
    'vite:watch-package-data',
    'alias',
    'vite:react-babel',
    'vite:react-refresh',
    'vite:resolve',
    'vite:html-inline-proxy',
    'vite:css',
    'vite:esbuild',
    'vite:json',
    'vite:wasm-helper',
    'vite:worker',
    'vite:asset',
    'vite:wasm-fallback',
    'vite:define',
    'vite:css-post',
    'vite:build-html',
    'vite:worker-import-meta-url',
    'vite:asset-import-meta-url',
    'vite:force-systemjs-wrap-complete',
    'commonjs',
    'vite:data-uri',
    'vite:rollup-options-plugins',
    'vite:dynamic-import-vars',
    'vite:import-glob',
    'remove-crossorigin',
    'vite:build-import-analysis',
    'vite:esbuild-transpile',
    'vite:terser',
    'vite:manifest',
    'vite:ssr-manifest',
    'vite:reporter',
    'vite:load-fallback'
  ],
  root: 'D:/lingjing/lingjing/packages/renderer',
  base: './',
  build: {
    target: 'esnext',
    polyfillModulePreload: true,
    modulePreload: false,
    outDir: 'dist',
    assetsDir: 'assets',
    assetsInlineLimit: 4096,
    sourcemap: false,
    terserOptions: {},
    rollupOptions: {
      output: {
        manualChunks: {
          'vendor-react': [ 'react', 'react-dom' ],
          'vendor-editor': [ 'monaco-editor' ],
          'vendor-terminal': [ 'xterm' ],
          'vendor-ui': [ 'allotment', 'clsx' ],
          'vendor-state': [ 'zustand' ],
          'vendor-utils': [ 'zod' ]
        }
      },
      onwarn: [Function: onwarn]
    },
    commonjsOptions: { include: [ /node_modules/ ], extensions: [ '.js', '.cjs' ] },
    dynamicImportVarsOptions: { warnOnError: true, exclude: [ /node_modules/ ] },
    write: true,
    emptyOutDir: true,
    copyPublicDir: true,
    manifest: false,
    lib: false,
    ssrManifest: false,
    ssrEmitAssets: false,
    reportCompressedSize: true,
    chunkSizeWarningLimit: 500,
    watch: null,
    cssCodeSplit: true,
    minify: 'esbuild',
    ssr: false,
    emitAssets: true,
    createEnvironment: [Function: createEnvironment],
    cssMinify: true,
    cssTarget: 'esnext'
  },
  server: {
    port: 5173,
    strictPort: false,
    host: undefined,
    allowedHosts: [],
    https: undefined,
    open: false,
    proxy: undefined,
    cors: {
      origin: /^https?:\/\/(?:(?:[^:]+\.)?localhost|127\.0\.0\.1|\[::1\])(?::\d+)?$/
    },
    headers: {},
    warmup: { clientFiles: [], ssrFiles: [] },
    middlewareMode: false,
    fs: {
      strict: true,
      deny: [ '.env', '.env.*', '*.{crt,pem}', '**/.git/**' ],
      allow: [
        'D:/lingjing/lingjing/packages/renderer',
        'D:/lingjing/lingjing/node_modules/.pnpm/vite@6.4.2_@types+node@22.1_ca27784be52c48f8226f3d05f46c023b/node_modules/vite/dist/client'
      ]
    },
    preTransformRequests: true,
    perEnvironmentStartEndDuringDev: false,
    sourcemapIgnoreList: [Function: isInNodeModules$1]
  },
  resolve: {
    externalConditions: [ 'node' ],
    extensions: [
      '.mjs',  '.js',
      '.mts',  '.ts',
      '.jsx',  '.tsx',
      '.json'
    ],
    dedupe: [ 'react', 'react-dom' ],
    noExternal: [],
    external: [],
    preserveSymlinks: false,
    alias: [
      {
        find: '@',
        replacement: 'D:\\lingjing\\lingjing\\packages\\renderer\\src'
      },
      {
        find: /^\/?@vite\/env/,
        replacement: '/@fs/D:/lingjing/lingjing/node_modules/.pnpm/vite@6.4.2_@types+node@22.1_ca27784be52c48f8226f3d05f46c023b/node_modules/vite/dist/client/env.mjs'
      },
      {
        find: /^\/?@vite\/client/,
        replacement: '/@fs/D:/lingjing/lingjing/node_modules/.pnpm/vite@6.4.2_@types+node@22.1_ca27784be52c48f8226f3d05f46c023b/node_modules/vite/dist/client/client.mjs'
      }
    ],
    mainFields: [ 'browser', 'module', 'jsnext:main', 'jsnext' ],
    conditions: [ 'module', 'browser', 'development|production' ],
    builtins: []
  },
  optimizeDeps: {
    include: [
      'react',
      'react-dom',
      'zustand',
      'zod',
      'clsx',
      'react',
      'react-dom',
      'react/jsx-dev-runtime',
      'react/jsx-runtime'
    ],
    exclude: [ 'monaco-editor' ],
    needsInterop: [],
    extensions: [],
    disabled: undefined,
    holdUntilCrawlEnd: true,
    force: false,
    noDiscovery: false,
    esbuildOptions: { preserveSymlinks: false, jsx: 'automatic' }
  },
  esbuild: { jsxDev: false, jsx: 'automatic', jsxImportSource: undefined },
  environments: {
    client: {
      define: undefined,
      resolve: {
        externalConditions: [ 'node' ],
        extensions: [
          '.mjs',  '.js',
          '.mts',  '.ts',
          '.jsx',  '.tsx',
          '.json'
        ],
        dedupe: [ 'react', 'react-dom' ],
        noExternal: [],
        external: [],
        preserveSymlinks: false,
        alias: [
          {
            find: '@',
            replacement: 'D:\\lingjing\\lingjing\\packages\\renderer\\src'
          },
          {
            find: /^\/?@vite\/env/,
            replacement: '/@fs/D:/lingjing/lingjing/node_modules/.pnpm/vite@6.4.2_@types+node@22.1_ca27784be52c48f8226f3d05f46c023b/node_modules/vite/dist/client/env.mjs'
          },
          {
            find: /^\/?@vite\/client/,
            replacement: '/@fs/D:/lingjing/lingjing/node_modules/.pnpm/vite@6.4.2_@types+node@22.1_ca27784be52c48f8226f3d05f46c023b/node_modules/vite/dist/client/client.mjs'
          }
        ],
        mainFields: [ 'browser', 'module', 'jsnext:main', 'jsnext' ],
        conditions: [ 'module', 'browser', 'development|production' ],
        builtins: []
      },
      keepProcessEnv: false,
      consumer: 'client',
      optimizeDeps: {
        include: [
          'react',
          'react-dom',
          'zustand',
          'zod',
          'clsx',
          'react',
          'react-dom',
          'react/jsx-dev-runtime',
          'react/jsx-runtime'
        ],
        exclude: [ 'monaco-editor' ],
        needsInterop: [],
        extensions: [],
        disabled: undefined,
        holdUntilCrawlEnd: true,
        force: false,
        noDiscovery: false,
        esbuildOptions: { preserveSymlinks: false, jsx: 'automatic' }
      },
      dev: {
        warmup: [],
        sourcemap: { js: true },
        sourcemapIgnoreList: [Function: isInNodeModules$1],
        preTransformRequests: true,
        createEnvironment: [Function: defaultCreateClientDevEnvironment],
        recoverable: true,
        moduleRunnerTransform: false
      },
      build: {
        target: 'esnext',
        polyfillModulePreload: true,
        modulePreload: false,
        outDir: 'dist',
        assetsDir: 'assets',
        assetsInlineLimit: 4096,
        sourcemap: false,
        terserOptions: {},
        rollupOptions: {
          output: {
            manualChunks: {
              'vendor-react': [ 'react', 'react-dom' ],
              'vendor-editor': [ 'monaco-editor' ],
              'vendor-terminal': [ 'xterm' ],
              'vendor-ui': [ 'allotment', 'clsx' ],
              'vendor-state': [ 'zustand' ],
              'vendor-utils': [ 'zod' ]
            }
          },
          onwarn: [Function: onwarn]
        },
        commonjsOptions: { include: [ /node_modules/ ], extensions: [ '.js', '.cjs' ] },
        dynamicImportVarsOptions: { warnOnError: true, exclude: [ /node_modules/ ] },
        write: true,
        emptyOutDir: true,
        copyPublicDir: true,
        manifest: false,
        lib: false,
        ssrManifest: false,
        ssrEmitAssets: false,
        reportCompressedSize: true,
        chunkSizeWarningLimit: 500,
        watch: null,
        cssCodeSplit: true,
        minify: 'esbuild',
        ssr: false,
        emitAssets: true,
        createEnvironment: [Function: createEnvironment],
        cssMinify: true,
        cssTarget: 'esnext'
      }
    }
  },
  configFile: 'D:/lingjing/lingjing/packages/renderer/vite.config.ts',
  configFileDependencies: [ 'D:/lingjing/lingjing/packages/renderer/vite.config.ts' ],
  inlineConfig: {
    root: undefined,
    base: undefined,
    mode: undefined,
    configFile: undefined,
    configLoader: undefined,
    logLevel: undefined,
    clearScreen: undefined,
    build: {}
  },
  decodedBase: './',
  rawBase: './',
  publicDir: 'D:/lingjing/lingjing/packages/renderer/public',
  cacheDir: 'D:/lingjing/lingjing/packages/renderer/node_modules/.vite',
  command: 'build',
  mode: 'production',
  isWorker: false,
  mainConfig: null,
  bundleChain: [],
  isProduction: true,
  css: {
    transformer: 'postcss',
    preprocessorMaxWorkers: 0,
    devSourcemap: false
  },
  json: { namedExports: true, stringify: 'auto' },
  builder: undefined,
  preview: {
    port: 4173,
    strictPort: false,
    host: undefined,
    allowedHosts: [],
    https: undefined,
    open: false,
    proxy: undefined,
    cors: {
      origin: /^https?:\/\/(?:(?:[^:]+\.)?localhost|127\.0\.0\.1|\[::1\])(?::\d+)?$/
    },
    headers: {}
  },
  envDir: 'D:/lingjing/lingjing/packages/renderer',
  env: { BASE_URL: './', MODE: 'production', DEV: false, PROD: true },
  assetsInclude: [Function: assetsInclude],
  logger: {
    hasWarned: false,
    info: [Function: info],
    warn: [Function: warn],
    warnOnce: [Function: warnOnce],
    error: [Function: error],
    clearScreen: [Function: clearScreen],
    hasErrorLogged: [Function: hasErrorLogged]
  },
  packageCache: Map(1) {
    'fnpd_D:/lingjing/lingjing/packages/renderer' => {
      dir: 'D:/lingjing/lingjing/packages/renderer',
      data: {
        name: '@codepilot/renderer',
        version: '1.2.4',
        description: 'CodePilot Electron renderer (React UI)',
        type: 'module',
        scripts: { dev: 'vite', build: 'vite build', typecheck: 'tsc --noEmit' },
        dependencies: {
          '@monaco-editor/react': '^4.7.0',
          allotment: '^1.20.2',
          clsx: '^2.1.1',
          'highlight.js': '^11.10.0',
          react: '^18.3.0',
          'react-dom': '^18.3.0',
          'react-markdown': '^9.0.0',
          'rehype-highlight': '^7.0.0',
          'remark-gfm': '^4.0.0',
          xterm: '^5.3.0',
          'xterm-addon-fit': '^0.8.0',
          zod: '^4.4.3',
          zustand: '^5.0.0'
        },
        devDependencies: {
          '@types/react': '^18.3.0',
          '@types/react-dom': '^18.3.0',
          '@vitejs/plugin-react': '^4.3.0',
          autoprefixer: '^10.4.0',
          postcss: '^8.4.0',
          tailwindcss: '^3.4.0',
          typescript: '^5.7.0',
          vite: '^6.0.0'
        }
      },
      hasSideEffects: [Function: hasSideEffects],
      setResolvedCache: [Function: setResolvedCache],
      getResolvedCache: [Function: getResolvedCache]
    },
    set: [Function (anonymous)]
  },
  worker: { format: 'iife', plugins: '() => plugins', rollupOptions: {} },
  appType: 'spa',
  experimental: { importGlobRestoreExtension: false, hmrPartialAccept: false },
  future: undefined,
  ssr: {
    target: 'node',
    optimizeDeps: { esbuildOptions: { preserveSymlinks: false } },
    resolve: { conditions: undefined, externalConditions: undefined }
  },
  dev: {
    warmup: [],
    sourcemap: { js: true },
    sourcemapIgnoreList: [Function: isInNodeModules$1],
    preTransformRequests: false,
    createEnvironment: [Function: defaultCreateDevEnvironment],
    recoverable: false,
    moduleRunnerTransform: false
  },
  webSocketToken: 'JHLZ5p-tw50o',
  getSortedPlugins: [Function: getSortedPlugins],
  getSortedPluginHooks: [Function: getSortedPluginHooks],
  createResolver: [Function: createResolver],
  fsDenyGlob: [Function: arrayMatcher],
  safeModulePaths: Set(0) {},
  additionalAllowedHosts: [],
  Symbol(vite:resolved-config): true
}
[36mvite v6.4.2 [32mbuilding for production...[36m[39m
transforming...
2026-05-10T08:18:43.078Z vite:resolve [32m1.14ms[39m [36mhighlight.js/styles/atom-one-dark.css[39m -> [2mD:/lingjing/lingjing/node_modules/.pnpm/highlight.js@11.11.1/node_modules/highlight.js/styles/atom-one-dark.css[22m
[32mâś“[39m 650 modules transformed.
2026-05-10T08:18:45.117Z vite:resolve [32m0.46ms[39m [36m./codicon.ttf[39m -> [2mD:/lingjing/lingjing/packages/renderer/node_modules/monaco-editor/esm/vs/base/browser/ui/codicons/codicon/codicon.ttf[22m
2026-05-10T08:18:45.861Z vite:resolve [32m0.64ms[39m [36mcss.worker.js[39m -> [2mD:/lingjing/lingjing/packages/renderer/node_modules/monaco-editor/esm/vs/language/css/css.worker.js[22m
2026-05-10T08:18:45.864Z vite:resolve [32m0.32ms[39m [36mhtml.worker.js[39m -> [2mD:/lingjing/lingjing/packages/renderer/node_modules/monaco-editor/esm/vs/language/html/html.worker.js[22m
2026-05-10T08:18:45.869Z vite:resolve [32m0.32ms[39m [36mts.worker.js[39m -> [2mD:/lingjing/lingjing/packages/renderer/node_modules/monaco-editor/esm/vs/language/typescript/ts.worker.js[22m
2026-05-10T08:18:45.871Z vite:resolve [32m0.27ms[39m [36mjson.worker.js[39m -> [2mD:/lingjing/lingjing/packages/renderer/node_modules/monaco-editor/esm/vs/language/json/json.worker.js[22m
[33mGenerated an empty chunk: "vendor-utils".[39m
rendering chunks...
[33m[plugin vite:reporter] 
(!) D:/lingjing/lingjing/packages/renderer/src/stores/chat-store.ts is dynamically imported by D:/lingjing/lingjing/packages/renderer/src/components/editor/MonacoEditor.tsx, D:/lingjing/lingjing/packages/renderer/src/components/editor/MonacoEditor.tsx, D:/lingjing/lingjing/packages/renderer/src/editor/InlineChatController.ts but also statically imported by D:/lingjing/lingjing/packages/renderer/src/App.tsx, D:/lingjing/lingjing/packages/renderer/src/components/chat/ChatModeSelector.tsx, D:/lingjing/lingjing/packages/renderer/src/components/chat/ChatPanel.tsx, D:/lingjing/lingjing/packages/renderer/src/components/layout/StatusBar.tsx, D:/lingjing/lingjing/packages/renderer/src/components/layout/TopBar.tsx, D:/lingjing/lingjing/packages/renderer/src/components/quest/QuestConversation.tsx, D:/lingjing/lingjing/packages/renderer/src/components/settings/tabs/SessionTab.tsx, D:/lingjing/lingjing/packages/renderer/src/components/sidebar/ChatSidebar.tsx, D:/lingjing/lingjing/packages/renderer/src/hooks/useAgentEvents.ts, dynamic import will not move module into another chunk.
[39m
[33m[plugin vite:reporter] 
(!) D:/lingjing/lingjing/packages/renderer/src/stores/ui-store.ts is dynamically imported by D:/lingjing/lingjing/packages/renderer/src/components/editor/MonacoEditor.tsx, D:/lingjing/lingjing/packages/renderer/src/components/editor/MonacoEditor.tsx, D:/lingjing/lingjing/packages/renderer/src/components/explorer/FileTree.tsx, D:/lingjing/lingjing/packages/renderer/src/editor/InlineChatController.ts, D:/lingjing/lingjing/packages/renderer/src/stores/remote-store.ts but also statically imported by D:/lingjing/lingjing/packages/renderer/src/App.tsx, D:/lingjing/lingjing/packages/renderer/src/components/chat/ChatHeader.tsx, D:/lingjing/lingjing/packages/renderer/src/components/editor/EditorPane.tsx, D:/lingjing/lingjing/packages/renderer/src/components/layout/ActivityBar.tsx, D:/lingjing/lingjing/packages/renderer/src/components/layout/BottomPanel.tsx, D:/lingjing/lingjing/packages/renderer/src/components/layout/EditorArea.tsx, D:/lingjing/lingjing/packages/renderer/src/components/layout/SidebarContainer.tsx, D:/lingjing/lingjing/packages/renderer/src/components/layout/StatusBar.tsx, D:/lingjing/lingjing/packages/renderer/src/components/layout/TopBar.tsx, D:/lingjing/lingjing/packages/renderer/src/components/remote/RemoteFolderPicker.tsx, D:/lingjing/lingjing/packages/renderer/src/components/remote/RemoteMenu.tsx, D:/lingjing/lingjing/packages/renderer/src/components/settings/SettingsModal.tsx, D:/lingjing/lingjing/packages/renderer/src/components/settings/tabs/AdvancedTab.tsx, D:/lingjing/lingjing/packages/renderer/src/components/sidebar/ChatSidebar.tsx, D:/lingjing/lingjing/packages/renderer/src/components/wiki/WikiToolbar.tsx, dynamic import will not move module into another chunk.
[39m
[33m[plugin vite:reporter] 
(!) D:/lingjing/lingjing/packages/renderer/src/stores/remote-store.ts is dynamically imported by D:/lingjing/lingjing/packages/renderer/src/components/explorer/FileTree.tsx but also statically imported by D:/lingjing/lingjing/packages/renderer/src/components/layout/StatusBar.tsx, D:/lingjing/lingjing/packages/renderer/src/components/remote/RemoteFolderPicker.tsx, D:/lingjing/lingjing/packages/renderer/src/components/remote/RemoteMenu.tsx, D:/lingjing/lingjing/packages/renderer/src/components/remote/RemotePanel.tsx, D:/lingjing/lingjing/packages/renderer/src/components/remote/SSHConnectionDialog.tsx, D:/lingjing/lingjing/packages/renderer/src/components/terminal/SSHTerminalPanel.tsx, dynamic import will not move module into another chunk.
[39m
[33m[plugin vite:reporter] 
(!) D:/lingjing/lingjing/packages/renderer/src/stores/editor-store.ts is dynamically imported by D:/lingjing/lingjing/packages/renderer/src/components/editor/MonacoEditor.tsx, D:/lingjing/lingjing/packages/renderer/src/components/editor/MonacoEditor.tsx, D:/lingjing/lingjing/packages/renderer/src/editor/InlineChatController.ts, D:/lingjing/lingjing/packages/renderer/src/stores/diff-review-store.ts but also statically imported by D:/lingjing/lingjing/packages/renderer/src/components/editor/EditorPane.tsx, D:/lingjing/lingjing/packages/renderer/src/components/editor/EditorTabs.tsx, D:/lingjing/lingjing/packages/renderer/src/components/explorer/FileTree.tsx, D:/lingjing/lingjing/packages/renderer/src/components/layout/TopBar.tsx, D:/lingjing/lingjing/packages/renderer/src/stores/context-store.ts, dynamic import will not move module into another chunk.
[39m
[33m[plugin vite:reporter] 
(!) D:/lingjing/lingjing/packages/renderer/src/stores/remote-context-store.ts is dynamically imported by D:/lingjing/lingjing/packages/renderer/src/stores/remote-store.ts, D:/lingjing/lingjing/packages/renderer/src/stores/remote-store.ts but also statically imported by D:/lingjing/lingjing/packages/renderer/src/components/explorer/FileTree.tsx, D:/lingjing/lingjing/packages/renderer/src/components/remote/RemoteFolderPicker.tsx, D:/lingjing/lingjing/packages/renderer/src/stores/file-store.ts, dynamic import will not move module into another chunk.
[39m
computing gzip size...
[2mdist/[22m[32mindex.html                          [39m[1m[2m    0.75 kB[22m[1m[22m[2m â”‚ gzip:   0.44 kB[22m
[2mdist/[22m[32massets/codicon-ngg6Pgfi.ttf         [39m[1m[2m  121.97 kB[22m[1m[22m
[2mdist/[22m[32massets/json.worker-C838mOW9.js      [39m[1m[2m  382.97 kB[22m[1m[22m
[2mdist/[22m[32massets/html.worker-eZJr__P7.js      [39m[1m[2m  693.07 kB[22m[1m[22m
[2mdist/[22m[32massets/css.worker-NZNbQL3P.js       [39m[1m[2m1,030.27 kB[22m[1m[22m
[2mdist/[22m[32massets/ts.worker-BQK-3bkM.js        [39m[1m[2m7,011.35 kB[22m[1m[22m
[2mdist/[22m[35massets/index-B0sYvzT_.css           [39m[1m[2m   67.85 kB[22m[1m[22m[2m â”‚ gzip:  13.46 kB[22m
[2mdist/[22m[35massets/vendor-editor-myWsTnCq.css   [39m[1m[2m  142.85 kB[22m[1m[22m[2m â”‚ gzip:  23.02 kB[22m
[2mdist/[22m[36massets/vendor-utils-l0sNRNKZ.js     [39m[1m[2m    0.00 kB[22m[1m[22m[2m â”‚ gzip:   0.02 kB[22m
[2mdist/[22m[36massets/vendor-state-jeNmQ7R3.js     [39m[1m[2m    0.66 kB[22m[1m[22m[2m â”‚ gzip:   0.41 kB[22m
[2mdist/[22m[36massets/vendor-editor-C4eyQDzW.js    [39m[1m[2m    1.38 kB[22m[1m[22m[2m â”‚ gzip:   0.77 kB[22m
[2mdist/[22m[36massets/vendor-ui-CPeWJq_5.js        [39m[1m[2m   40.59 kB[22m[1m[22m[2m â”‚ gzip:  12.89 kB[22m
[2mdist/[22m[36massets/vendor-react-Fv8LEZFc.js     [39m[1m[2m  134.65 kB[22m[1m[22m[2m â”‚ gzip:  43.22 kB[22m
[2mdist/[22m[36massets/vendor-terminal-iuvPDFky.js  [39m[1m[2m  282.49 kB[22m[1m[22m[2m â”‚ gzip:  70.16 kB[22m
[2mdist/[22m[36massets/index-Bx0nb9vD.js            [39m[1m[33m  941.01 kB[39m[22m[2m â”‚ gzip: 248.84 kB[22m
[33m
(!) Some chunks are larger than 500 kB after minification. Consider:
- Using dynamic import() to code-split the application
- Use build.rollupOptions.output.manualChunks to improve chunking: https://rollupjs.org/configuration-options/#output-manualchunks
- Adjust chunk size limit for this warning via build.chunkSizeWarningLimit.[39m
[32mâś“ built in 14.97s[39m
